C51 COMPILER V9.57.0.0   SEEKFREE_OLED                                                     07/17/2020 10:29:38 PAGE 1   


C51 COMPILER V9.57.0.0, COMPILATION OF MODULE SEEKFREE_OLED
OBJECT MODULE PLACED IN .\Out_File\SEEKFREE_OLED.obj
COMPILER INVOKED BY: C:\Keil_v5\C51\BIN\C51.EXE ..\..\Libraries\seekfree_peripheral\SEEKFREE_OLED.c LARGE OMF2 OPTIMIZE(
                    -8,SPEED) INCDIR(..\..\Libraries\libraries;..\..\Libraries\seekfree_libraries;..\..\Libraries\seekfree_peripheral;..\USER
                    -\inc;..\USER\src;..\CODE) PRINT(.\Out_File\SEEKFREE_OLED.lst) TABS(2) OBJECT(.\Out_File\SEEKFREE_OLED.obj)

line level    source

   1          /*********************************************************************************************************
             -************
   2           * COPYRIGHT NOTICE
   3           * Copyright (c) 2018,逐飞科技
   4           * All rights reserved.
   5           * 技术讨论QQ群：一群：179029047(已满)  二群：244861897
   6           *
   7           * 以下所有内容版权均属逐飞科技所有，未经允许不得用于商业用途，
   8           * 欢迎各位使用并传播本程序，修改内容时必须保留逐飞科技的版权声明。
   9           *
  10           * @file          OLED
  11           * @company       成都逐飞科技有限公司
  12           * @author        逐飞科技(QQ3184284598)
  13           * @version       查看doc内version文件 版本说明
  14           * @Software    IAR 8.3 or MDK 5.24
  15           * @Taobao      https://seekfree.taobao.com/
  16           * @date          2019-04-30
  17           * @note    
  18                    接线定义：
  19                    ------------------------------------ 
  20                        OLED液晶    单片机                        
  21                        D0          查看SEEKFREE_OLED文件内的OLED_SCL_PIN   宏定义
  22                        D1          查看SEEKFREE_OLED文件内的OLED_SDA_PIN   宏定义            
  23                        RES         查看SEEKFREE_OLED文件内的OLED_RST_PIN   宏定义    
  24                        DC          查看SEEKFREE_OLED文件内的OLED_DC_PIN    宏定义
  25                      CS          查看SEEKFREE_OLED文件内的OLED_CS_PIN    宏定义
  26                    ------------------------------------ 
  27           *********************************************************************************************************
             -***********/
  28          
  29          
  30          
  31          
  32          
  33          #include "SEEKFREE_OLED.h"
  34          #include "SEEKFREE_FONT.h"
  35          #include "SEEKFREE_PRINTF.h"
  36          #include "zf_spi.h"
  37          #include "zf_pca_delay.h"
  38          
  39          
  40          //--------------------------------------------------------------------------------------------------------
             ------------
  41          //  @brief      内部调用，用户无需关心
  42          //  @param      void        
  43          //  @return             
  44          //  @since      v1.0
  45          //  Sample usage:               
  46          //--------------------------------------------------------------------------------------------------------
             ------------
  47          void oled_wrdat(uint8 dat)
  48          {
  49   1        uint8 i=8;
C51 COMPILER V9.57.0.0   SEEKFREE_OLED                                                     07/17/2020 10:29:38 PAGE 2   

  50   1        
  51   1          OLED_CS(0); //使能信号端，拉低时正常使用
  52   1        OLED_DC(1);
  53   1        OLED_SCL(0);
  54   1        while(i--)
  55   1        {
  56   2            if(dat&0x80){OLED_SDA(1);}
  57   2            else{OLED_SDA(0);}
  58   2            OLED_SCL(1);
  59   2          
  60   2            OLED_SCL(0);
  61   2            dat<<=1;
  62   2        }
  63   1          OLED_CS(1); //使能信号端，拉低时正常使用
  64   1      }
  65          
  66          //--------------------------------------------------------------------------------------------------------
             ------------
  67          //  @brief      内部调用，用户无需关心
  68          //  @param      void        
  69          //  @return             
  70          //  @since      v1.0
  71          //  Sample usage:               
  72          //--------------------------------------------------------------------------------------------------------
             ------------
  73          void oled_wr6dat(uint8 dat)
  74          {
  75   1        uint8 i=6;
  76   1          
  77   1        OLED_CS(0); //使能信号端，拉低时正常使用
  78   1        OLED_DC(1);
  79   1        OLED_SCL(0);
  80   1        while(i--)
  81   1        {
  82   2          if(dat&0x80){OLED_SDA(1);}
  83   2          else{OLED_SDA(0);}
  84   2          OLED_SCL(1);
  85   2          OLED_SCL(0);
  86   2          dat<<=1;
  87   2        }
  88   1          OLED_CS(1); //使能信号端，拉低时正常使用
  89   1      }
  90          
  91          //--------------------------------------------------------------------------------------------------------
             ------------
  92          //  @brief      内部调用，用户无需关心
  93          //  @param      void        
  94          //  @return             
  95          //  @since      v1.0
  96          //  Sample usage:               
  97          //--------------------------------------------------------------------------------------------------------
             ------------
  98          void oled_wrcmd(uint8 cmd)
  99          {
 100   1        uint8 i=8;
 101   1          
 102   1        OLED_CS(0); //使能信号端，拉低时正常使用
 103   1        OLED_DC(0);
 104   1        OLED_SCL(0);;
 105   1        
 106   1        while(i--)
 107   1        {
C51 COMPILER V9.57.0.0   SEEKFREE_OLED                                                     07/17/2020 10:29:38 PAGE 3   

 108   2          if(cmd&0x80){OLED_SDA(1);}
 109   2          else{OLED_SDA(0);}
 110   2          OLED_SCL(1);
 111   2          
 112   2          OLED_SCL(0);
 113   2          cmd<<=1;
 114   2        }
 115   1          OLED_CS(1); //使能信号端，拉低时正常使用
 116   1      }
 117          
 118          //--------------------------------------------------------------------------------------------------------
             ------------
 119          //  @brief      内部调用，用户无需关心
 120          //  @param      void        
 121          //  @return             
 122          //  @since      v1.0
 123          //  Sample usage:               
 124          //--------------------------------------------------------------------------------------------------------
             ------------
 125          void oled_hexascii(uint16 hex,int8 * Print)
 126          {
 127   1        uint8 hexcheck ;
 128   1        uint8 TEMP ;
 129   1        TEMP = 6 ;
 130   1        Print[TEMP ]='\0';
 131   1        while(TEMP)
 132   1        {
 133   2            TEMP -- ;
 134   2            hexcheck  =  hex%10 ;
 135   2            hex   /=10 ;
 136   2            Print[TEMP ]  = hexcheck + 0x30 ;
 137   2        }
 138   1        
 139   1      }
 140          
 141          //--------------------------------------------------------------------------------------------------------
             ------------
 142          //  @brief      OLED初始化函数
 143          //  @param      NULL
 144          //  @return     void
 145          //  @since      v1.0
 146          //  Sample usage:     
 147          //--------------------------------------------------------------------------------------------------------
             ------------
 148          void oled_init(void)
 149          {
 150   1        
 151   1          OLED_CS(1);
 152   1        OLED_SCL(1);
 153   1        
 154   1        OLED_RST(0);
 155   1        pca_delay_ms(50);
 156   1        OLED_RST(1);
 157   1        
 158   1        oled_wrcmd(0xae);//--turn off oled panel
 159   1        oled_wrcmd(0x00);//---set low column address
 160   1        oled_wrcmd(0x10);//---set high column address
 161   1        oled_wrcmd(0x40);//--set start line address  Set Mapping RAM Display Start Line (0x00~0x3F)
 162   1        oled_wrcmd(0x81);//--set contrast control register
 163   1        oled_wrcmd(Brightness); // Set SEG Output Current Brightness
 164   1          
 165   1      #if (0 == OLED_DISPLAY_DIR)
C51 COMPILER V9.57.0.0   SEEKFREE_OLED                                                     07/17/2020 10:29:38 PAGE 4   

 166   1        oled_wrcmd(0xa1);//--Set SEG/Column Mapping     0xa0左右反置 0xa1正常
 167   1        oled_wrcmd(0xc8);//Set COM/Row Scan Direction   0xc0上下反置 0xc8正常
 168   1      #else
                  oled_wrcmd(0xa0);//--Set SEG/Column Mapping     0xa0左右反置 0xa1正常
                oled_wrcmd(0xc0);//Set COM/Row Scan Direction   0xc0上下反置 0xc8正常
              #endif
 172   1          
 173   1        oled_wrcmd(0xa6);//--set normal display
 174   1        oled_wrcmd(0xa8);//--set multiplex ratio(1 to 64)
 175   1        oled_wrcmd(0x3f);//--1/64 duty
 176   1        oled_wrcmd(0xd3);//-set display offset  Shift Mapping RAM Counter (0x00~0x3F)
 177   1        oled_wrcmd(0x00);//-not offset
 178   1        oled_wrcmd(0xd5);//--set display clock divide ratio/oscillator frequency
 179   1        oled_wrcmd(0x80);//--set divide ratio, Set Clock as 100 Frames/Sec
 180   1        oled_wrcmd(0xd9);//--set pre-charge period
 181   1        oled_wrcmd(0xf1);//Set Pre-Charge as 15 Clocks & Discharge as 1 Clock
 182   1        oled_wrcmd(0xda);//--set com pins hardware configuration
 183   1        oled_wrcmd(0x12);
 184   1        oled_wrcmd(0xdb);//--set vcomh
 185   1        oled_wrcmd(0x40);//Set VCOM Deselect Level
 186   1        oled_wrcmd(0x20);//-Set Page Addressing Mode (0x00/0x01/0x02)
 187   1        oled_wrcmd(0x02);//
 188   1        oled_wrcmd(0x8d);//--set Charge Pump enable/disable
 189   1        oled_wrcmd(0x14);//--set(0x10) disable
 190   1        oled_wrcmd(0xa4);// Disable Entire Display On (0xa4/0xa5)
 191   1        oled_wrcmd(0xa6);// Disable Inverse Display On (0xa6/a7)
 192   1        oled_wrcmd(0xaf);//--turn on oled panel
 193   1        oled_fill(0x00);  //初始清屏
 194   1        oled_set_pos(0,0);
 195   1      }
 196          
 197          //--------------------------------------------------------------------------------------------------------
             ------------
 198          //  @brief      OLED显示坐标设置
 199          //  @param      x     x轴坐标设置0-127
 200          //  @param      y           y轴坐标设置0-7
 201          //  @return     void
 202          //  @since      v1.0
 203          //  Sample usage:     
 204          //--------------------------------------------------------------------------------------------------------
             ------------
 205          void oled_set_pos(uint8 x, uint8 y)
 206          {
 207   1      
 208   1          
 209   1          oled_wrcmd(0xb0+y);
 210   1          oled_wrcmd(((x&0xf0)>>4)|0x10);
 211   1          oled_wrcmd((x&0x0f)|0x00);
 212   1      }
 213          
 214          //--------------------------------------------------------------------------------------------------------
             ------------
 215          //  @brief      OLED清屏函数
 216          //  @param      bmp_data  填充颜色选着(0x00 or 0xff)
 217          //  @return     void
 218          //  @since      v1.0
 219          //  Sample usage:     
 220          //--------------------------------------------------------------------------------------------------------
             ------------
 221          void oled_fill(uint8 bmp_data)
 222          {
 223   1        uint8 y,x;
C51 COMPILER V9.57.0.0   SEEKFREE_OLED                                                     07/17/2020 10:29:38 PAGE 5   

 224   1        
 225   1        for(y=0;y<8;y++)
 226   1        {
 227   2          oled_wrcmd(0xb0+y);
 228   2          oled_wrcmd(0x01);
 229   2          oled_wrcmd(0x10);
 230   2          for(x=0;x<X_WIDTH;x++)  oled_wrdat(bmp_data); 
 231   2        }
 232   1      }
 233          
 234          
 235          //--------------------------------------------------------------------------------------------------------
             ------------
 236          //  @brief      OLED控制一个坐标下8个像素的点亮与熄灭
 237          //  @param      x     x轴坐标设置0-127
 238          //  @param      y           y轴坐标设置0-7
 239          //  @return     void
 240          //  @since      v1.0
 241          //  Sample usage:     oled_putpixel(0,0,0xff);//将0,0坐标 8个点全部点亮
 242          //  Sample usage:     oled_putpixel(0,0,0x01);//将0,0坐标 最低位点亮其余7个熄灭
 243          //  @note                   同理可以任意控制一个坐标下8个像素的点亮与熄灭
 244          //--------------------------------------------------------------------------------------------------------
             ------------
 245          void oled_putpixel(uint8 x,uint8 y,uint8 data1)
 246          {
 247   1        oled_set_pos(x,y);
 248   1          oled_wrcmd(0xb0+y);
 249   1        oled_wrcmd(((x&0xf0)>>4)|0x10);
 250   1        oled_wrcmd((x&0x0f)|0x00);
 251   1        oled_wrdat(data1);
 252   1      }
 253          
 254          //--------------------------------------------------------------------------------------------------------
             ------------
 255          //  @brief      OLED关闭一个坐标所有亮点
 256          //  @param      x     x轴坐标设置0-127
 257          //  @param      y           y轴坐标设置0-7
 258          //  @return     void
 259          //  @since      v1.0
 260          //  Sample usage:     
 261          //--------------------------------------------------------------------------------------------------------
             ------------
 262          void oled_clrpixel(uint8 x,uint8 y)
 263          {
 264   1        oled_set_pos(x,y);
 265   1          oled_wrcmd(0xb0+y);
 266   1        oled_wrcmd(((x&0xf0)>>4)|0x10);
 267   1        oled_wrcmd((x&0x0f)|0x00);
 268   1        oled_wrdat(0x00);
 269   1      }
 270          
 271          
 272          //--------------------------------------------------------------------------------------------------------
             ------------
 273          //  @brief      OLED显示字符串(6*8字体)
 274          //  @param      x     x轴坐标设置0-127
 275          //  @param      y           y轴坐标设置0-7
 276          //  @param      ch[]        字符串
 277          //  @return     void
 278          //  @since      v1.0
 279          //  Sample usage:     
 280          //--------------------------------------------------------------------------------------------------------
C51 COMPILER V9.57.0.0   SEEKFREE_OLED                                                     07/17/2020 10:29:38 PAGE 6   

             ------------
 281          void oled_p6x8str(uint8 x,uint8 y,const int8 ch[])
 282          {
 283   1        uint8 c=0,i=0,j=0;
 284   1        while (ch[j]!='\0')
 285   1        {
 286   2            c =ch[j]-32;
 287   2            if(x>126){x=0;y++;}
 288   2            oled_set_pos(x,y);
 289   2            for(i=0;i<6;i++)  oled_wrdat(oled_6x8[c][i]);
 290   2            x+=6;
 291   2            j++;
 292   2        }
 293   1      }
 294          
 295          //--------------------------------------------------------------------------------------------------------
             ------------
 296          //  @brief      OLED显示字符串(8*16字体)
 297          //  @param      x     x轴坐标设置0-127
 298          //  @param      y           y轴坐标设置0-7
 299          //  @param      ch[]        字符串
 300          //  @return     void
 301          //  @since      v1.0
 302          //  Sample usage:     务必注意，本函数字符列高位16，因此y应该是每次递增2
 303          //--------------------------------------------------------------------------------------------------------
             ------------
 304          void oled_p8x16str(uint8 x,uint8 y,const int8 ch[])
 305          {
 306   1        uint8 c=0,i=0,j=0;
 307   1        
 308   1        while (ch[j]!='\0')
 309   1        {
 310   2            c =ch[j]-32;
 311   2            if(x>120){x=0;y++;}
 312   2          
 313   2            oled_set_pos(x,y);
 314   2            for(i=0;i<8;i++)  oled_wrdat(oled_8x16[c*16+i]);
 315   2              
 316   2            oled_set_pos(x,y+1);
 317   2            for(i=0;i<8;i++)  oled_wrdat(oled_8x16[c*16+i+8]);
 318   2              
 319   2            x+=8;
 320   2            j++;
 321   2        }
 322   1      }
 323          
 324          //--------------------------------------------------------------------------------------------------------
             ------------
 325          //  @brief      OLED显示无符号数(6*8字体)
 326          //  @param      x     x轴坐标设置0-127
 327          //  @param      y           y轴坐标设置0-7
 328          //  @param      num         无符号数
 329          //  @return     void
 330          //  @since      v1.0
 331          //  Sample usage:     
 332          //--------------------------------------------------------------------------------------------------------
             ------------
 333          void oled_uint16(uint8 x, uint8 y, uint16 num)
 334          {
 335   1        int8 ch[7];
 336   1        
 337   1        oled_hexascii(num,ch);
C51 COMPILER V9.57.0.0   SEEKFREE_OLED                                                     07/17/2020 10:29:38 PAGE 7   

 338   1          
 339   1          oled_p6x8str(x, y, &ch[1]);     //显示数字  6*8字体
 340   1          //oled_p8x16str(x, y, &ch[1]);  //显示数字  8*16字体
 341   1      }
 342          
 343          
 344          //--------------------------------------------------------------------------------------------------------
             ------------
 345          //  @brief      OLED显示有符号数(6*8字体)
 346          //  @param      x     x轴坐标设置0-127
 347          //  @param      y           y轴坐标设置0-7
 348          //  @param      num         有符号数
 349          //  @return     void
 350          //  @since      v1.0
 351          //  Sample usage:     
 352          //--------------------------------------------------------------------------------------------------------
             ------------
 353          void oled_int16(uint8 x, uint8 y, int16 num)
 354          {
 355   1        int8 ch[7];
 356   1        if(num<0)   {num = -num;oled_p6x8str(x, y, "-");}
 357   1        else         oled_p6x8str(x, y, " ");
 358   1        x+=6;       
 359   1          
 360   1        oled_hexascii(num,ch);
 361   1          oled_p6x8str(x, y, &ch[1]);     //显示数字  6*8字体
 362   1      }
 363          
 364          //--------------------------------------------------------------------------------------------------------
             ------------
 365          //  @brief      OLED显示32位有符号(去除整数部分无效的0)
 366          //  @param      x     x轴坐标设置0-127
 367          //  @param      y           y轴坐标设置0-7
 368          //  @param      dat         需要显示的变量，数据类型uint32
 369          //  @param      num         需要显示的位数 最高10位  不包含正负号
 370          //  @return     void
 371          //  @since      v1.0
 372          //  Sample usage:           oled_printf_int32(0,0,x,5);//x可以为int32 uint16 int16 uint8 int8类型
 373          //  Sample usage:           负数会显示一个 ‘-’号   正数显示一个空格
 374          //--------------------------------------------------------------------------------------------------------
             ------------
 375          void oled_printf_int32(uint16 x,uint16 y,int32 dat,uint8 num)
 376          {
 377   1          int8    buff[34];
 378   1          uint8   length;
 379   1          
 380   1          if(10<num)      num = 10;
 381   1          
 382   1          num++;
 383   1          if(0>dat)   length = zf_sprintf( &buff[0],"%d",dat);//负数
 384   1          else
 385   1          {
 386   2              buff[0] = ' ';
 387   2              length = zf_sprintf( &buff[1],"%d",dat);
 388   2              length++;
 389   2          }
 390   1          while(length < num)
 391   1          {
 392   2              buff[length] = ' ';
 393   2              length++;
 394   2          }
 395   1          buff[num] = '\0';
C51 COMPILER V9.57.0.0   SEEKFREE_OLED                                                     07/17/2020 10:29:38 PAGE 8   

 396   1          
 397   1          oled_p6x8str(x, y, buff); //显示数字
 398   1      }
 399          
 400          //--------------------------------------------------------------------------------------------------------
             ------------
 401          //  @brief      OLED显示浮点数(去除整数部分无效的0)
 402          //  @param      x     x轴坐标设置0-127
 403          //  @param      y           y轴坐标设置0-7
 404          //  @param      dat         需要显示的变量，数据类型float或double
 405          //  @param      num         整数位显示长度   最高10位  
 406          //  @param      pointnum    小数位显示长度   最高6位
 407          //  @return     void
 408          //  @since      v1.0
 409          //  Sample usage:           oled_printf_float(0,0,x,2,3);//显示浮点数   整数显示2位   小数显示三位
 410          //  @note                   特别注意当发现小数部分显示的值与你写入的值不一样的时候，
 411          //                          可能是由于浮点数精度丢失问题导致的，这并不是显示函数的问题，
 412          //                          有关问题的详情，请自行百度学习   浮点数精度丢失问题。
 413          //                          负数会显示一个 ‘-’号   正数显示一个空格
 414          //--------------------------------------------------------------------------------------------------------
             ------------
 415          void oled_printf_float(uint16 x,uint16 y,double dat,uint8 num,uint8 pointnum)
 416          {
 417   1          uint8   length;
 418   1        int8    buff[34];
 419   1        int8    start,end,point;
 420   1      
 421   1        if(6<pointnum)  pointnum = 6;
 422   1          if(10<num)      num = 10;
 423   1              
 424   1          if(0>dat)   length = zf_sprintf( &buff[0],"%f",dat);//负数
 425   1          else
 426   1          {
 427   2              length = zf_sprintf( &buff[1],"%f",dat);
 428   2              length++;
 429   2          }
 430   1          point = length - 7;         //计算小数点位置
 431   1          start = point - num - 1;    //计算起始位
 432   1          end = point + pointnum + 1; //计算结束位
 433   1          while(0>start)//整数位不够  末尾应该填充空格
 434   1          {
 435   2              buff[end] = ' ';
 436   2              end++;
 437   2              start++;
 438   2          }
 439   1          
 440   1          if(0>dat)   buff[start] = '-';
 441   1          else        buff[start] = ' ';
 442   1          
 443   1          buff[end] = '\0';
 444   1          
 445   1          oled_p6x8str(x, y, buff); //显示数字
 446   1      }
 447          
 448          
 449          
 450          //--------------------------------------------------------------------------------------------------------
             ------------
 451          //  @brief      OLED显示图像
 452          //  @param      high      图像高度
 453          //  @param      width     图像宽度
 454          //  @param      *p        图像地址（数组）
C51 COMPILER V9.57.0.0   SEEKFREE_OLED                                                     07/17/2020 10:29:38 PAGE 9   

 455          //  @param      value     二值化阀值
 456          //  @return     void
 457          //  @since      v1.0
 458          //  Sample usage: 
 459          //  @Note       使用Image2lcd V3.2软件取模   C语言数组   水平扫描   
 460          //              宽度高度自行设置   颜色反转  256色
 461          //--------------------------------------------------------------------------------------------------------
             ------------
 462          void oled_dis_bmp(uint16 high, uint16 width, uint8 *p,uint8 value)
 463          {
 464   1          int16 i,j;
 465   1          int16 temp,temp1;
 466   1          uint8 dat;
 467   1          
 468   1          
 469   1          temp1 = high%8;
 470   1          if(temp1 == 0) temp = high/8;
 471   1          else           temp = high/8+1;
 472   1      
 473   1          for(i=0; i<temp; i++)
 474   1          {
 475   2              oled_set_pos(0,i);
 476   2              for(j=0; j<width; j++)
 477   2              {
 478   3                  dat = 0;
 479   3                  if( i<(temp-1) || !temp1 || temp1>=1)dat |= (*(p+i*8*width+j+width*0) > value? 1: 0)<<0;
 480   3                  if( i<(temp-1) || !temp1 || temp1>=2)dat |= (*(p+i*8*width+j+width*1) > value? 1: 0)<<1;
 481   3                  if( i<(temp-1) || !temp1 || temp1>=3)dat |= (*(p+i*8*width+j+width*2) > value? 1: 0)<<2;
 482   3                  if( i<(temp-1) || !temp1 || temp1>=4)dat |= (*(p+i*8*width+j+width*3) > value? 1: 0)<<3;
 483   3                  if( i<(temp-1) || !temp1 || temp1>=5)dat |= (*(p+i*8*width+j+width*4) > value? 1: 0)<<4;
 484   3                  if( i<(temp-1) || !temp1 || temp1>=6)dat |= (*(p+i*8*width+j+width*5) > value? 1: 0)<<5;
 485   3                  if( i<(temp-1) || !temp1 || temp1>=7)dat |= (*(p+i*8*width+j+width*6) > value? 1: 0)<<6;
 486   3                  if( i<(temp-1) || !temp1 || temp1>=8)dat |= (*(p+i*8*width+j+width*7) > value? 1: 0)<<7;
 487   3                 
 488   3                  oled_wrdat(dat);
 489   3              }
 490   2          }
 491   1      }
 492          
 493          //--------------------------------------------------------------------------------------------------------
             ------------
 494          //  @brief      汉字显示
 495          //  @param      x       横坐标 0-127
 496          //  @param      y       纵坐标 0-7
 497          //  @param      size    取模的时候设置的汉字字体大小，也就是一个汉字占用的点阵长宽为多少个点，取模的时候需
             -要长宽是一样的。
 498          //  @param      *p      需要显示的汉字数组
 499          //  @param      len     需要显示多少位
 500          //  @return     void
 501          //  @since      v1.0
 502          //  Sample usage:   
 503          //  @Note       使用PCtoLCD2002软件取模       阴码、逐行式、顺向   16*16
 504          //--------------------------------------------------------------------------------------------------------
             ------------
 505          void oled_print_chinese(uint8 x, uint8 y, uint8 size, const uint8 *p, uint8 len)
 506          {
 507   1          int16 i,j,k;
 508   1          
 509   1          for(i=0; i<len; i++)
 510   1          {
 511   2              for(j=0; j<(size/8); j++)
 512   2              {
C51 COMPILER V9.57.0.0   SEEKFREE_OLED                                                     07/17/2020 10:29:38 PAGE 10  

 513   3                  oled_set_pos(x+i*size,y+j);
 514   3                  for(k=0; k<16; k++)
 515   3                  {
 516   4                      oled_wrdat(*p);
 517   4                      p++;
 518   4                  }
 519   3              }
 520   2          }
 521   1      }


MODULE INFORMATION:   STATIC OVERLAYABLE
   CODE SIZE        =   3253    ----
   CONSTANT SIZE    =     10    ----
   XDATA SIZE       =   ----     162
   PDATA SIZE       =   ----    ----
   DATA SIZE        =   ----    ----
   IDATA SIZE       =   ----    ----
   BIT SIZE         =   ----    ----
   EDATA SIZE       =   ----    ----
   HDATA SIZE       =   ----    ----
   XDATA CONST SIZE =   ----    ----
   FAR CONST SIZE   =   ----    ----
END OF MODULE INFORMATION.


C51 COMPILATION COMPLETE.  0 WARNING(S),  0 ERROR(S)
